[0.038s] Invoking command in '/home/andrei/ros2_ws/build/point_cloud_transformer': CMAKE_PREFIX_PATH=${CMAKE_PREFIX_PATH}:/home/andrei/ros2_ws/install/yolov5_ros:/home/andrei/ros2_ws/install/sjtu_drone_bringup:/home/andrei/ros2_ws/install/bounding_script_pkg:/opt/ros/humble /usr/bin/cmake --build /home/andrei/ros2_ws/build/point_cloud_transformer -- -j16 -l16
[0.064s] [35m[1mConsolidate compiler generated dependencies of target point_cloud_transformer_node[0m
[0.075s] [ 50%] [32mBuilding CXX object CMakeFiles/point_cloud_transformer_node.dir/src/point_cloud_transformer_node.cpp.o[0m
[0.188s] In file included from [01m[K/home/andrei/ros2_ws/src/point_cloud_transformer/src/point_cloud_transformer_node.cpp:5[m[K:
[0.188s] [01m[K/opt/ros/humble/include/tf2_sensor_msgs/tf2_sensor_msgs.h:32:2:[m[K [01;35m[Kwarning: [m[K#warning This header is obsolete, please include tf2_sensor_msgs/tf2_sensor_msgs.hpp instead [[01;35m[K-Wcpp[m[K]
[0.188s]    32 | #[01;35m[Kwarning[m[K This header is obsolete, please include tf2_sensor_msgs/tf2_sensor_msgs.hpp instead
[0.188s]       |  [01;35m[K^~~~~~~[m[K
[1.691s] [01m[K/home/andrei/ros2_ws/src/point_cloud_transformer/src/point_cloud_transformer_node.cpp:60:30:[m[K [01;31m[Kerror: [m[Kâ€˜[01m[KCreateTimerROS[m[Kâ€™ is not a member of â€˜[01m[Ktf2_ros[m[Kâ€™
[1.691s]    60 |     std::shared_ptr<tf2_ros::[01;31m[KCreateTimerROS[m[K> timer_interface;
[1.691s]       |                              [01;31m[K^~~~~~~~~~~~~~[m[K
[1.691s] [01m[K/home/andrei/ros2_ws/src/point_cloud_transformer/src/point_cloud_transformer_node.cpp:60:44:[m[K [01;31m[Kerror: [m[Ktemplate argument 1 is invalid
[1.691s]    60 |     std::shared_ptr<tf2_ros::CreateTimerROS[01;31m[K>[m[K timer_interface;
[1.691s]       |                                            [01;31m[K^[m[K
[1.692s] [01m[K/home/andrei/ros2_ws/src/point_cloud_transformer/src/point_cloud_transformer_node.cpp:[m[K In constructor â€˜[01m[KPointCloudTransformer::PointCloudTransformer()[m[Kâ€™:
[1.692s] [01m[K/home/andrei/ros2_ws/src/point_cloud_transformer/src/point_cloud_transformer_node.cpp:14:53:[m[K [01;31m[Kerror: [m[Kâ€˜[01m[KCreateTimerROS[m[Kâ€™ is not a member of â€˜[01m[Ktf2_ros[m[Kâ€™
[1.692s]    14 |         timer_interface = std::make_shared<tf2_ros::[01;31m[KCreateTimerROS[m[K>(
[1.692s]       |                                                     [01;31m[K^~~~~~~~~~~~~~[m[K
[1.692s] [01m[K/home/andrei/ros2_ws/src/point_cloud_transformer/src/point_cloud_transformer_node.cpp:17:9:[m[K [01;31m[Kerror: [m[Kno matching function for call to â€˜[01m[Kmake_shared<<expression error> >(rclcpp::node_interfaces::NodeBaseInterface::SharedPtr, rclcpp::node_interfaces::NodeTimersInterface::SharedPtr)[m[Kâ€™
[1.692s]    17 |         [01;31m[K)[m[K;
[1.692s]       |         [01;31m[K^[m[K
[1.692s] In file included from [01m[K/usr/include/c++/9/memory:81[m[K,
[1.692s]                  from [01m[K/opt/ros/humble/include/rclcpp/rclcpp/rclcpp.hpp:153[m[K,
[1.692s]                  from [01m[K/home/andrei/ros2_ws/src/point_cloud_transformer/src/point_cloud_transformer_node.cpp:1[m[K:
[1.692s] [01m[K/usr/include/c++/9/bits/shared_ptr.h:716:5:[m[K [01;36m[Knote: [m[Kcandidate: â€˜[01m[Ktemplate<class _Tp, class ... _Args> std::shared_ptr<_Tp> std::make_shared(_Args&& ...)[m[Kâ€™
[1.692s]   716 |     [01;36m[Kmake_shared[m[K(_Args&&... __args)
[1.692s]       |     [01;36m[K^~~~~~~~~~~[m[K
[1.692s] [01m[K/usr/include/c++/9/bits/shared_ptr.h:716:5:[m[K [01;36m[Knote: [m[K  template argument deduction/substitution failed:
[1.692s] [01m[K/home/andrei/ros2_ws/src/point_cloud_transformer/src/point_cloud_transformer_node.cpp:17:9:[m[K [01;31m[Kerror: [m[Ktemplate argument 1 is invalid
[1.692s]    17 |         [01;31m[K)[m[K;
[1.692s]       |         [01;31m[K^[m[K
[1.693s] [01m[K/home/andrei/ros2_ws/src/point_cloud_transformer/src/point_cloud_transformer_node.cpp:21:45:[m[K [01;31m[Kerror: [m[Kcannot convert â€˜[01m[Kint[m[Kâ€™ to â€˜[01m[Ktf2_ros::CreateTimerInterface::SharedPtr[m[Kâ€™ {aka â€˜[01m[Kstd::shared_ptr<tf2_ros::CreateTimerInterface>[m[Kâ€™}
[1.693s]    21 |         tf_buffer_->setCreateTimerInterface([01;31m[Ktimer_interface[m[K);
[1.693s]       |                                             [01;31m[K^~~~~~~~~~~~~~~[m[K
[1.693s]       |                                             [01;31m[K|[m[K
[1.693s]       |                                             [01;31m[Kint[m[K
[1.693s] In file included from [01m[K/home/andrei/ros2_ws/src/point_cloud_transformer/src/point_cloud_transformer_node.cpp:4[m[K:
[1.693s] [01m[K/opt/ros/humble/include/tf2_ros/tf2_ros/buffer.h:266:59:[m[K [01;36m[Knote: [m[K  initializing argument 1 of â€˜[01m[Kvoid tf2_ros::Buffer::setCreateTimerInterface(tf2_ros::CreateTimerInterface::SharedPtr)[m[Kâ€™
[1.693s]   266 |   setCreateTimerInterface([01;36m[KCreateTimerInterface::SharedPtr create_timer_interface[m[K)
[1.693s]       |                           [01;36m[K~~~~~~~~~~~~~~~~~~~~~~~~~~~~~~~~^~~~~~~~~~~~~~~~~~~~~~[m[K
[3.294s] gmake[2]: *** [CMakeFiles/point_cloud_transformer_node.dir/build.make:76: CMakeFiles/point_cloud_transformer_node.dir/src/point_cloud_transformer_node.cpp.o] Error 1
[3.294s] gmake[1]: *** [CMakeFiles/Makefile2:137: CMakeFiles/point_cloud_transformer_node.dir/all] Error 2
[3.294s] gmake: *** [Makefile:146: all] Error 2
[3.296s] Invoked command in '/home/andrei/ros2_ws/build/point_cloud_transformer' returned '2': CMAKE_PREFIX_PATH=${CMAKE_PREFIX_PATH}:/home/andrei/ros2_ws/install/yolov5_ros:/home/andrei/ros2_ws/install/sjtu_drone_bringup:/home/andrei/ros2_ws/install/bounding_script_pkg:/opt/ros/humble /usr/bin/cmake --build /home/andrei/ros2_ws/build/point_cloud_transformer -- -j16 -l16
